Determining if the pthread_create exist failed with the following output:
Change Dir: /home/madhu/catkin_ws/build/CMakeFiles/CMakeTmp

Run Build Command:"/usr/bin/make" "cmTC_4a253/fast"
/usr/bin/make -f CMakeFiles/cmTC_4a253.dir/build.make CMakeFiles/cmTC_4a253.dir/build
make[1]: Entering directory '/home/madhu/catkin_ws/build/CMakeFiles/CMakeTmp'
Building C object CMakeFiles/cmTC_4a253.dir/CheckSymbolExists.c.o
/usr/bin/cc     -o CMakeFiles/cmTC_4a253.dir/CheckSymbolExists.c.o   -c /home/madhu/catkin_ws/build/CMakeFiles/CMakeTmp/CheckSymbolExists.c
Linking C executable cmTC_4a253
/usr/bin/cmake -E cmake_link_script CMakeFiles/cmTC_4a253.dir/link.txt --verbose=1
/usr/bin/cc       CMakeFiles/cmTC_4a253.dir/CheckSymbolExists.c.o  -o cmTC_4a253 -rdynamic 
CMakeFiles/cmTC_4a253.dir/CheckSymbolExists.c.o: In function `main':
CheckSymbolExists.c:(.text+0x16): undefined reference to `pthread_create'
collect2: error: ld returned 1 exit status
CMakeFiles/cmTC_4a253.dir/build.make:97: recipe for target 'cmTC_4a253' failed
make[1]: *** [cmTC_4a253] Error 1
make[1]: Leaving directory '/home/madhu/catkin_ws/build/CMakeFiles/CMakeTmp'
Makefile:126: recipe for target 'cmTC_4a253/fast' failed
make: *** [cmTC_4a253/fast] Error 2

File /home/madhu/catkin_ws/build/CMakeFiles/CMakeTmp/CheckSymbolExists.c:
/* */
#include <pthread.h>

int main(int argc, char** argv)
{
  (void)argv;
#ifndef pthread_create
  return ((int*)(&pthread_create))[argc];
#else
  (void)argc;
  return 0;
#endif
}

Determining if the function pthread_create exists in the pthreads failed with the following output:
Change Dir: /home/madhu/catkin_ws/build/CMakeFiles/CMakeTmp

Run Build Command:"/usr/bin/make" "cmTC_aec28/fast"
/usr/bin/make -f CMakeFiles/cmTC_aec28.dir/build.make CMakeFiles/cmTC_aec28.dir/build
make[1]: Entering directory '/home/madhu/catkin_ws/build/CMakeFiles/CMakeTmp'
Building C object CMakeFiles/cmTC_aec28.dir/CheckFunctionExists.c.o
/usr/bin/cc    -DCHECK_FUNCTION_EXISTS=pthread_create   -o CMakeFiles/cmTC_aec28.dir/CheckFunctionExists.c.o   -c /usr/share/cmake-3.5/Modules/CheckFunctionExists.c
Linking C executable cmTC_aec28
/usr/bin/cmake -E cmake_link_script CMakeFiles/cmTC_aec28.dir/link.txt --verbose=1
/usr/bin/cc   -DCHECK_FUNCTION_EXISTS=pthread_create    CMakeFiles/cmTC_aec28.dir/CheckFunctionExists.c.o  -o cmTC_aec28 -rdynamic -lpthreads 
/usr/bin/ld: cannot find -lpthreads
collect2: error: ld returned 1 exit status
CMakeFiles/cmTC_aec28.dir/build.make:97: recipe for target 'cmTC_aec28' failed
make[1]: *** [cmTC_aec28] Error 1
make[1]: Leaving directory '/home/madhu/catkin_ws/build/CMakeFiles/CMakeTmp'
Makefile:126: recipe for target 'cmTC_aec28/fast' failed
make: *** [cmTC_aec28/fast] Error 2


Performing C SOURCE FILE Test CMAKE_HAVE_LIBC_PTHREAD failed with the following output:
Change Dir: /home/madhu/catkin_ws/build/CMakeFiles/CMakeTmp

Run Build Command(s):/usr/bin/make cmTC_8bef9/fast && /usr/bin/make -f CMakeFiles/cmTC_8bef9.dir/build.make CMakeFiles/cmTC_8bef9.dir/build
make[1]: Entering directory '/home/madhu/catkin_ws/build/CMakeFiles/CMakeTmp'
Building C object CMakeFiles/cmTC_8bef9.dir/src.c.o
/usr/bin/cc   -DCMAKE_HAVE_LIBC_PTHREAD   -o CMakeFiles/cmTC_8bef9.dir/src.c.o   -c /home/madhu/catkin_ws/build/CMakeFiles/CMakeTmp/src.c
Linking C executable cmTC_8bef9
/home/madhu/.local/lib/python3.5/site-packages/cmake/data/bin/cmake -E cmake_link_script CMakeFiles/cmTC_8bef9.dir/link.txt --verbose=1
/usr/bin/cc  -DCMAKE_HAVE_LIBC_PTHREAD    -rdynamic CMakeFiles/cmTC_8bef9.dir/src.c.o  -o cmTC_8bef9 
CMakeFiles/cmTC_8bef9.dir/src.c.o: In function `main':
src.c:(.text+0x3c): undefined reference to `pthread_create'
src.c:(.text+0x48): undefined reference to `pthread_detach'
src.c:(.text+0x59): undefined reference to `pthread_join'
src.c:(.text+0x6d): undefined reference to `pthread_atfork'
collect2: error: ld returned 1 exit status
CMakeFiles/cmTC_8bef9.dir/build.make:86: recipe for target 'cmTC_8bef9' failed
make[1]: *** [cmTC_8bef9] Error 1
make[1]: Leaving directory '/home/madhu/catkin_ws/build/CMakeFiles/CMakeTmp'
Makefile:121: recipe for target 'cmTC_8bef9/fast' failed
make: *** [cmTC_8bef9/fast] Error 2


Source file was:
#include <pthread.h>

void* test_func(void* data)
{
  return data;
}

int main(void)
{
  pthread_t thread;
  pthread_create(&thread, NULL, test_func, NULL);
  pthread_detach(thread);
  pthread_join(thread, NULL);
  pthread_atfork(NULL, NULL, NULL);
  pthread_exit(NULL);

  return 0;
}

